2021-04-10T16:43:32+00:00 CRITICAL require_once(): Failed opening required 'http://localhost/wordpress/wp-content/themes/montheme/core/enqueue_scripts.php' (include_path='.;C:\php\pear') dans C:\wamp64\www\wordpress\wp-content\themes\montheme\functions.php à la ligne 7

2021-04-10T16:45:33+00:00 CRITICAL require_once(): Failed opening required 'http://localhost/wordpress/wp-content/themes/montheme/core/enqueue_scripts.php' (include_path='.;C:\php\pear') dans C:\wamp64\www\wordpress\wp-content\themes\montheme\functions.php à la ligne 7

2021-04-10T16:47:34+00:00 CRITICAL require_once(): Failed opening required 'C:\wamp64\www\wordpress/wp-content/themes/montheme/core/woocommerce_support.php' (include_path='.;C:\php\pear') dans C:\wamp64\www\wordpress\wp-content\themes\montheme\functions.php à la ligne 18

2021-04-10T16:49:15+00:00 CRITICAL require_once(): Failed opening required 'C:\wamp64\www\wordpress/wp-content/themes/montheme/core/woocommerce_support.php' (include_path='.;C:\php\pear') dans C:\wamp64\www\wordpress\wp-content\themes\montheme\functions.php à la ligne 23

2021-04-10T16:49:17+00:00 CRITICAL require_once(): Failed opening required 'C:\wamp64\www\wordpress/wp-content/themes/montheme/core/woocommerce_support.php' (include_path='.;C:\php\pear') dans C:\wamp64\www\wordpress\wp-content\themes\montheme\functions.php à la ligne 23

2021-04-10T20:07:02+00:00 CRITICAL Uncaught Error: Call to undefined function ARTEMIS_SWP_get_menu_style() in C:\wamp64\www\wordpress\wp-content\themes\montheme\header.php:17
Stack trace:
#0 C:\wamp64\www\wordpress\wp-includes\template.php(730): require_once()
#1 C:\wamp64\www\wordpress\wp-includes\template.php(676): load_template('C:\\wamp64\\www\\w...', true, Array)
#2 C:\wamp64\www\wordpress\wp-includes\general-template.php(48): locate_template(Array, true, true, Array)
#3 C:\wamp64\www\wordpress\wp-content\themes\montheme\front-page.php(1): get_header()
#4 C:\wamp64\www\wordpress\wp-includes\template-loader.php(106): include('C:\\wamp64\\www\\w...')
#5 C:\wamp64\www\wordpress\wp-blog-header.php(19): require_once('C:\\wamp64\\www\\w...')
#6 C:\wamp64\www\wordpress\index.php(17): require('C:\\wamp64\\www\\w...')
#7 {main}
  thrown dans C:\wamp64\www\wordpress\wp-content\themes\montheme\header.php à la ligne 17

2021-04-10T20:07:03+00:00 CRITICAL Uncaught Error: Call to undefined function ARTEMIS_SWP_get_menu_style() in C:\wamp64\www\wordpress\wp-content\themes\montheme\header.php:17
Stack trace:
#0 C:\wamp64\www\wordpress\wp-includes\template.php(730): require_once()
#1 C:\wamp64\www\wordpress\wp-includes\template.php(676): load_template('C:\\wamp64\\www\\w...', true, Array)
#2 C:\wamp64\www\wordpress\wp-includes\general-template.php(48): locate_template(Array, true, true, Array)
#3 C:\wamp64\www\wordpress\wp-content\themes\montheme\front-page.php(1): get_header()
#4 C:\wamp64\www\wordpress\wp-includes\template-loader.php(106): include('C:\\wamp64\\www\\w...')
#5 C:\wamp64\www\wordpress\wp-blog-header.php(19): require_once('C:\\wamp64\\www\\w...')
#6 C:\wamp64\www\wordpress\index.php(17): require('C:\\wamp64\\www\\w...')
#7 {main}
  thrown dans C:\wamp64\www\wordpress\wp-content\themes\montheme\header.php à la ligne 17

2021-04-10T20:07:03+00:00 CRITICAL Uncaught Error: Call to undefined function ARTEMIS_SWP_get_menu_style() in C:\wamp64\www\wordpress\wp-content\themes\montheme\header.php:17
Stack trace:
#0 C:\wamp64\www\wordpress\wp-includes\template.php(730): require_once()
#1 C:\wamp64\www\wordpress\wp-includes\template.php(676): load_template('C:\\wamp64\\www\\w...', true, Array)
#2 C:\wamp64\www\wordpress\wp-includes\general-template.php(48): locate_template(Array, true, true, Array)
#3 C:\wamp64\www\wordpress\wp-content\themes\montheme\404.php(1): get_header()
#4 C:\wamp64\www\wordpress\wp-includes\template-loader.php(106): include('C:\\wamp64\\www\\w...')
#5 C:\wamp64\www\wordpress\wp-blog-header.php(19): require_once('C:\\wamp64\\www\\w...')
#6 C:\wamp64\www\wordpress\index.php(17): require('C:\\wamp64\\www\\w...')
#7 {main}
  thrown dans C:\wamp64\www\wordpress\wp-content\themes\montheme\header.php à la ligne 17

2021-04-10T20:07:03+00:00 CRITICAL Uncaught Error: Call to undefined function ARTEMIS_SWP_get_menu_style() in C:\wamp64\www\wordpress\wp-content\themes\montheme\header.php:17
Stack trace:
#0 C:\wamp64\www\wordpress\wp-includes\template.php(730): require_once()
#1 C:\wamp64\www\wordpress\wp-includes\template.php(676): load_template('C:\\wamp64\\www\\w...', true, Array)
#2 C:\wamp64\www\wordpress\wp-includes\general-template.php(48): locate_template(Array, true, true, Array)
#3 C:\wamp64\www\wordpress\wp-content\themes\montheme\404.php(1): get_header()
#4 C:\wamp64\www\wordpress\wp-includes\template-loader.php(106): include('C:\\wamp64\\www\\w...')
#5 C:\wamp64\www\wordpress\wp-blog-header.php(19): require_once('C:\\wamp64\\www\\w...')
#6 C:\wamp64\www\wordpress\index.php(17): require('C:\\wamp64\\www\\w...')
#7 {main}
  thrown dans C:\wamp64\www\wordpress\wp-content\themes\montheme\header.php à la ligne 17

2021-04-10T20:07:03+00:00 CRITICAL Uncaught Error: Call to undefined function ARTEMIS_SWP_get_menu_style() in C:\wamp64\www\wordpress\wp-content\themes\montheme\header.php:17
Stack trace:
#0 C:\wamp64\www\wordpress\wp-includes\template.php(730): require_once()
#1 C:\wamp64\www\wordpress\wp-includes\template.php(676): load_template('C:\\wamp64\\www\\w...', true, Array)
#2 C:\wamp64\www\wordpress\wp-includes\general-template.php(48): locate_template(Array, true, true, Array)
#3 C:\wamp64\www\wordpress\wp-content\themes\montheme\404.php(1): get_header()
#4 C:\wamp64\www\wordpress\wp-includes\template-loader.php(106): include('C:\\wamp64\\www\\w...')
#5 C:\wamp64\www\wordpress\wp-blog-header.php(19): require_once('C:\\wamp64\\www\\w...')
#6 C:\wamp64\www\wordpress\index.php(17): require('C:\\wamp64\\www\\w...')
#7 {main}
  thrown dans C:\wamp64\www\wordpress\wp-content\themes\montheme\header.php à la ligne 17

2021-04-10T20:07:03+00:00 CRITICAL Uncaught Error: Call to undefined function ARTEMIS_SWP_get_menu_style() in C:\wamp64\www\wordpress\wp-content\themes\montheme\header.php:17
Stack trace:
#0 C:\wamp64\www\wordpress\wp-includes\template.php(730): require_once()
#1 C:\wamp64\www\wordpress\wp-includes\template.php(676): load_template('C:\\wamp64\\www\\w...', true, Array)
#2 C:\wamp64\www\wordpress\wp-includes\general-template.php(48): locate_template(Array, true, true, Array)
#3 C:\wamp64\www\wordpress\wp-content\themes\montheme\404.php(1): get_header()
#4 C:\wamp64\www\wordpress\wp-includes\template-loader.php(106): include('C:\\wamp64\\www\\w...')
#5 C:\wamp64\www\wordpress\wp-blog-header.php(19): require_once('C:\\wamp64\\www\\w...')
#6 C:\wamp64\www\wordpress\index.php(17): require('C:\\wamp64\\www\\w...')
#7 {main}
  thrown dans C:\wamp64\www\wordpress\wp-content\themes\montheme\header.php à la ligne 17

2021-04-10T20:07:03+00:00 CRITICAL Uncaught Error: Call to undefined function ARTEMIS_SWP_get_menu_style() in C:\wamp64\www\wordpress\wp-content\themes\montheme\header.php:17
Stack trace:
#0 C:\wamp64\www\wordpress\wp-includes\template.php(730): require_once()
#1 C:\wamp64\www\wordpress\wp-includes\template.php(676): load_template('C:\\wamp64\\www\\w...', true, Array)
#2 C:\wamp64\www\wordpress\wp-includes\general-template.php(48): locate_template(Array, true, true, Array)
#3 C:\wamp64\www\wordpress\wp-content\themes\montheme\404.php(1): get_header()
#4 C:\wamp64\www\wordpress\wp-includes\template-loader.php(106): include('C:\\wamp64\\www\\w...')
#5 C:\wamp64\www\wordpress\wp-blog-header.php(19): require_once('C:\\wamp64\\www\\w...')
#6 C:\wamp64\www\wordpress\index.php(17): require('C:\\wamp64\\www\\w...')
#7 {main}
  thrown dans C:\wamp64\www\wordpress\wp-content\themes\montheme\header.php à la ligne 17

2021-04-10T20:07:03+00:00 CRITICAL Uncaught Error: Call to undefined function ARTEMIS_SWP_get_menu_style() in C:\wamp64\www\wordpress\wp-content\themes\montheme\header.php:17
Stack trace:
#0 C:\wamp64\www\wordpress\wp-includes\template.php(730): require_once()
#1 C:\wamp64\www\wordpress\wp-includes\template.php(676): load_template('C:\\wamp64\\www\\w...', true, Array)
#2 C:\wamp64\www\wordpress\wp-includes\general-template.php(48): locate_template(Array, true, true, Array)
#3 C:\wamp64\www\wordpress\wp-content\themes\montheme\404.php(1): get_header()
#4 C:\wamp64\www\wordpress\wp-includes\template-loader.php(106): include('C:\\wamp64\\www\\w...')
#5 C:\wamp64\www\wordpress\wp-blog-header.php(19): require_once('C:\\wamp64\\www\\w...')
#6 C:\wamp64\www\wordpress\index.php(17): require('C:\\wamp64\\www\\w...')
#7 {main}
  thrown dans C:\wamp64\www\wordpress\wp-content\themes\montheme\header.php à la ligne 17

2021-04-10T20:07:05+00:00 CRITICAL Uncaught Error: Call to undefined function ARTEMIS_SWP_get_menu_style() in C:\wamp64\www\wordpress\wp-content\themes\montheme\header.php:17
Stack trace:
#0 C:\wamp64\www\wordpress\wp-includes\template.php(730): require_once()
#1 C:\wamp64\www\wordpress\wp-includes\template.php(676): load_template('C:\\wamp64\\www\\w...', true, Array)
#2 C:\wamp64\www\wordpress\wp-includes\general-template.php(48): locate_template(Array, true, true, Array)
#3 C:\wamp64\www\wordpress\wp-content\themes\montheme\404.php(1): get_header()
#4 C:\wamp64\www\wordpress\wp-includes\template-loader.php(106): include('C:\\wamp64\\www\\w...')
#5 C:\wamp64\www\wordpress\wp-blog-header.php(19): require_once('C:\\wamp64\\www\\w...')
#6 C:\wamp64\www\wordpress\index.php(17): require('C:\\wamp64\\www\\w...')
#7 {main}
  thrown dans C:\wamp64\www\wordpress\wp-content\themes\montheme\header.php à la ligne 17

2021-04-10T20:07:05+00:00 CRITICAL Uncaught Error: Call to undefined function ARTEMIS_SWP_get_menu_style() in C:\wamp64\www\wordpress\wp-content\themes\montheme\header.php:17
Stack trace:
#0 C:\wamp64\www\wordpress\wp-includes\template.php(730): require_once()
#1 C:\wamp64\www\wordpress\wp-includes\template.php(676): load_template('C:\\wamp64\\www\\w...', true, Array)
#2 C:\wamp64\www\wordpress\wp-includes\general-template.php(48): locate_template(Array, true, true, Array)
#3 C:\wamp64\www\wordpress\wp-content\themes\montheme\404.php(1): get_header()
#4 C:\wamp64\www\wordpress\wp-includes\template-loader.php(106): include('C:\\wamp64\\www\\w...')
#5 C:\wamp64\www\wordpress\wp-blog-header.php(19): require_once('C:\\wamp64\\www\\w...')
#6 C:\wamp64\www\wordpress\index.php(17): require('C:\\wamp64\\www\\w...')
#7 {main}
  thrown dans C:\wamp64\www\wordpress\wp-content\themes\montheme\header.php à la ligne 17

2021-04-10T20:18:11+00:00 CRITICAL syntax error, unexpected '}', expecting end of file dans C:\wamp64\www\wordpress\wp-content\themes\montheme\settings\settings_getters.php à la ligne 21

2021-04-10T20:20:12+00:00 CRITICAL syntax error, unexpected '}', expecting end of file dans C:\wamp64\www\wordpress\wp-content\themes\montheme\settings\settings_getters.php à la ligne 21

2021-04-10T20:20:32+00:00 CRITICAL syntax error, unexpected '}', expecting end of file dans C:\wamp64\www\wordpress\wp-content\themes\montheme\settings\settings_getters.php à la ligne 21

2021-04-10T20:21:13+00:00 CRITICAL syntax error, unexpected '}', expecting end of file dans C:\wamp64\www\wordpress\wp-content\themes\montheme\settings\settings_getters.php à la ligne 21

2021-04-10T21:24:02+00:00 CRITICAL Uncaught Error: Call to undefined function ARTEMIS_SWP_get_wishlist_url() in C:\wamp64\www\wordpress\wp-content\themes\montheme\templates\menu\creative_menu.php:84
Stack trace:
#0 C:\wamp64\www\wordpress\wp-includes\template.php(732): require()
#1 C:\wamp64\www\wordpress\wp-includes\template.php(676): load_template('C:\\wamp64\\www\\w...', false, Array)
#2 C:\wamp64\www\wordpress\wp-includes\general-template.php(204): locate_template(Array, true, false, Array)
#3 C:\wamp64\www\wordpress\wp-content\themes\montheme\header.php(18): get_template_part('templates/menu/...')
#4 C:\wamp64\www\wordpress\wp-includes\template.php(730): require_once('C:\\wamp64\\www\\w...')
#5 C:\wamp64\www\wordpress\wp-includes\template.php(676): load_template('C:\\wamp64\\www\\w...', true, Array)
#6 C:\wamp64\www\wordpress\wp-includes\general-template.php(48): locate_template(Array, true, true, Array)
#7 C:\wamp64\www\wordpress\wp-content\themes\montheme\front-page.php(1): get_header()
#8 C:\wamp64\www\wordpress\wp-includes\template-lo dans C:\wamp64\www\wordpress\wp-content\themes\montheme\templates\menu\creative_menu.php à la ligne 84

2021-04-10T21:24:04+00:00 CRITICAL Uncaught Error: Call to undefined function ARTEMIS_SWP_get_wishlist_url() in C:\wamp64\www\wordpress\wp-content\themes\montheme\templates\menu\creative_menu.php:84
Stack trace:
#0 C:\wamp64\www\wordpress\wp-includes\template.php(732): require()
#1 C:\wamp64\www\wordpress\wp-includes\template.php(676): load_template('C:\\wamp64\\www\\w...', false, Array)
#2 C:\wamp64\www\wordpress\wp-includes\general-template.php(204): locate_template(Array, true, false, Array)
#3 C:\wamp64\www\wordpress\wp-content\themes\montheme\header.php(18): get_template_part('templates/menu/...')
#4 C:\wamp64\www\wordpress\wp-includes\template.php(730): require_once('C:\\wamp64\\www\\w...')
#5 C:\wamp64\www\wordpress\wp-includes\template.php(676): load_template('C:\\wamp64\\www\\w...', true, Array)
#6 C:\wamp64\www\wordpress\wp-includes\general-template.php(48): locate_template(Array, true, true, Array)
#7 C:\wamp64\www\wordpress\wp-content\themes\montheme\404.php(1): get_header()
#8 C:\wamp64\www\wordpress\wp-includes\template-loader.ph dans C:\wamp64\www\wordpress\wp-content\themes\montheme\templates\menu\creative_menu.php à la ligne 84

2021-04-10T21:24:04+00:00 CRITICAL Uncaught Error: Call to undefined function ARTEMIS_SWP_get_wishlist_url() in C:\wamp64\www\wordpress\wp-content\themes\montheme\templates\menu\creative_menu.php:84
Stack trace:
#0 C:\wamp64\www\wordpress\wp-includes\template.php(732): require()
#1 C:\wamp64\www\wordpress\wp-includes\template.php(676): load_template('C:\\wamp64\\www\\w...', false, Array)
#2 C:\wamp64\www\wordpress\wp-includes\general-template.php(204): locate_template(Array, true, false, Array)
#3 C:\wamp64\www\wordpress\wp-content\themes\montheme\header.php(18): get_template_part('templates/menu/...')
#4 C:\wamp64\www\wordpress\wp-includes\template.php(730): require_once('C:\\wamp64\\www\\w...')
#5 C:\wamp64\www\wordpress\wp-includes\template.php(676): load_template('C:\\wamp64\\www\\w...', true, Array)
#6 C:\wamp64\www\wordpress\wp-includes\general-template.php(48): locate_template(Array, true, true, Array)
#7 C:\wamp64\www\wordpress\wp-content\themes\montheme\404.php(1): get_header()
#8 C:\wamp64\www\wordpress\wp-includes\template-loader.ph dans C:\wamp64\www\wordpress\wp-content\themes\montheme\templates\menu\creative_menu.php à la ligne 84

2021-04-10T21:24:04+00:00 CRITICAL Uncaught Error: Call to undefined function ARTEMIS_SWP_get_wishlist_url() in C:\wamp64\www\wordpress\wp-content\themes\montheme\templates\menu\creative_menu.php:84
Stack trace:
#0 C:\wamp64\www\wordpress\wp-includes\template.php(732): require()
#1 C:\wamp64\www\wordpress\wp-includes\template.php(676): load_template('C:\\wamp64\\www\\w...', false, Array)
#2 C:\wamp64\www\wordpress\wp-includes\general-template.php(204): locate_template(Array, true, false, Array)
#3 C:\wamp64\www\wordpress\wp-content\themes\montheme\header.php(18): get_template_part('templates/menu/...')
#4 C:\wamp64\www\wordpress\wp-includes\template.php(730): require_once('C:\\wamp64\\www\\w...')
#5 C:\wamp64\www\wordpress\wp-includes\template.php(676): load_template('C:\\wamp64\\www\\w...', true, Array)
#6 C:\wamp64\www\wordpress\wp-includes\general-template.php(48): locate_template(Array, true, true, Array)
#7 C:\wamp64\www\wordpress\wp-content\themes\montheme\404.php(1): get_header()
#8 C:\wamp64\www\wordpress\wp-includes\template-loader.ph dans C:\wamp64\www\wordpress\wp-content\themes\montheme\templates\menu\creative_menu.php à la ligne 84

2021-04-10T21:24:04+00:00 CRITICAL Uncaught Error: Call to undefined function ARTEMIS_SWP_get_wishlist_url() in C:\wamp64\www\wordpress\wp-content\themes\montheme\templates\menu\creative_menu.php:84
Stack trace:
#0 C:\wamp64\www\wordpress\wp-includes\template.php(732): require()
#1 C:\wamp64\www\wordpress\wp-includes\template.php(676): load_template('C:\\wamp64\\www\\w...', false, Array)
#2 C:\wamp64\www\wordpress\wp-includes\general-template.php(204): locate_template(Array, true, false, Array)
#3 C:\wamp64\www\wordpress\wp-content\themes\montheme\header.php(18): get_template_part('templates/menu/...')
#4 C:\wamp64\www\wordpress\wp-includes\template.php(730): require_once('C:\\wamp64\\www\\w...')
#5 C:\wamp64\www\wordpress\wp-includes\template.php(676): load_template('C:\\wamp64\\www\\w...', true, Array)
#6 C:\wamp64\www\wordpress\wp-includes\general-template.php(48): locate_template(Array, true, true, Array)
#7 C:\wamp64\www\wordpress\wp-content\themes\montheme\404.php(1): get_header()
#8 C:\wamp64\www\wordpress\wp-includes\template-loader.ph dans C:\wamp64\www\wordpress\wp-content\themes\montheme\templates\menu\creative_menu.php à la ligne 84

2021-04-10T21:24:04+00:00 CRITICAL Uncaught Error: Call to undefined function ARTEMIS_SWP_get_wishlist_url() in C:\wamp64\www\wordpress\wp-content\themes\montheme\templates\menu\creative_menu.php:84
Stack trace:
#0 C:\wamp64\www\wordpress\wp-includes\template.php(732): require()
#1 C:\wamp64\www\wordpress\wp-includes\template.php(676): load_template('C:\\wamp64\\www\\w...', false, Array)
#2 C:\wamp64\www\wordpress\wp-includes\general-template.php(204): locate_template(Array, true, false, Array)
#3 C:\wamp64\www\wordpress\wp-content\themes\montheme\header.php(18): get_template_part('templates/menu/...')
#4 C:\wamp64\www\wordpress\wp-includes\template.php(730): require_once('C:\\wamp64\\www\\w...')
#5 C:\wamp64\www\wordpress\wp-includes\template.php(676): load_template('C:\\wamp64\\www\\w...', true, Array)
#6 C:\wamp64\www\wordpress\wp-includes\general-template.php(48): locate_template(Array, true, true, Array)
#7 C:\wamp64\www\wordpress\wp-content\themes\montheme\404.php(1): get_header()
#8 C:\wamp64\www\wordpress\wp-includes\template-loader.ph dans C:\wamp64\www\wordpress\wp-content\themes\montheme\templates\menu\creative_menu.php à la ligne 84

2021-04-10T21:24:04+00:00 CRITICAL Uncaught Error: Call to undefined function ARTEMIS_SWP_get_wishlist_url() in C:\wamp64\www\wordpress\wp-content\themes\montheme\templates\menu\creative_menu.php:84
Stack trace:
#0 C:\wamp64\www\wordpress\wp-includes\template.php(732): require()
#1 C:\wamp64\www\wordpress\wp-includes\template.php(676): load_template('C:\\wamp64\\www\\w...', false, Array)
#2 C:\wamp64\www\wordpress\wp-includes\general-template.php(204): locate_template(Array, true, false, Array)
#3 C:\wamp64\www\wordpress\wp-content\themes\montheme\header.php(18): get_template_part('templates/menu/...')
#4 C:\wamp64\www\wordpress\wp-includes\template.php(730): require_once('C:\\wamp64\\www\\w...')
#5 C:\wamp64\www\wordpress\wp-includes\template.php(676): load_template('C:\\wamp64\\www\\w...', true, Array)
#6 C:\wamp64\www\wordpress\wp-includes\general-template.php(48): locate_template(Array, true, true, Array)
#7 C:\wamp64\www\wordpress\wp-content\themes\montheme\404.php(1): get_header()
#8 C:\wamp64\www\wordpress\wp-includes\template-loader.ph dans C:\wamp64\www\wordpress\wp-content\themes\montheme\templates\menu\creative_menu.php à la ligne 84

2021-04-10T21:24:06+00:00 CRITICAL Uncaught Error: Call to undefined function ARTEMIS_SWP_get_wishlist_url() in C:\wamp64\www\wordpress\wp-content\themes\montheme\templates\menu\creative_menu.php:84
Stack trace:
#0 C:\wamp64\www\wordpress\wp-includes\template.php(732): require()
#1 C:\wamp64\www\wordpress\wp-includes\template.php(676): load_template('C:\\wamp64\\www\\w...', false, Array)
#2 C:\wamp64\www\wordpress\wp-includes\general-template.php(204): locate_template(Array, true, false, Array)
#3 C:\wamp64\www\wordpress\wp-content\themes\montheme\header.php(18): get_template_part('templates/menu/...')
#4 C:\wamp64\www\wordpress\wp-includes\template.php(730): require_once('C:\\wamp64\\www\\w...')
#5 C:\wamp64\www\wordpress\wp-includes\template.php(676): load_template('C:\\wamp64\\www\\w...', true, Array)
#6 C:\wamp64\www\wordpress\wp-includes\general-template.php(48): locate_template(Array, true, true, Array)
#7 C:\wamp64\www\wordpress\wp-content\themes\montheme\404.php(1): get_header()
#8 C:\wamp64\www\wordpress\wp-includes\template-loader.ph dans C:\wamp64\www\wordpress\wp-content\themes\montheme\templates\menu\creative_menu.php à la ligne 84

2021-04-10T21:24:06+00:00 CRITICAL Uncaught Error: Call to undefined function ARTEMIS_SWP_get_wishlist_url() in C:\wamp64\www\wordpress\wp-content\themes\montheme\templates\menu\creative_menu.php:84
Stack trace:
#0 C:\wamp64\www\wordpress\wp-includes\template.php(732): require()
#1 C:\wamp64\www\wordpress\wp-includes\template.php(676): load_template('C:\\wamp64\\www\\w...', false, Array)
#2 C:\wamp64\www\wordpress\wp-includes\general-template.php(204): locate_template(Array, true, false, Array)
#3 C:\wamp64\www\wordpress\wp-content\themes\montheme\header.php(18): get_template_part('templates/menu/...')
#4 C:\wamp64\www\wordpress\wp-includes\template.php(730): require_once('C:\\wamp64\\www\\w...')
#5 C:\wamp64\www\wordpress\wp-includes\template.php(676): load_template('C:\\wamp64\\www\\w...', true, Array)
#6 C:\wamp64\www\wordpress\wp-includes\general-template.php(48): locate_template(Array, true, true, Array)
#7 C:\wamp64\www\wordpress\wp-content\themes\montheme\404.php(1): get_header()
#8 C:\wamp64\www\wordpress\wp-includes\template-loader.ph dans C:\wamp64\www\wordpress\wp-content\themes\montheme\templates\menu\creative_menu.php à la ligne 84

2021-04-10T21:24:15+00:00 CRITICAL Uncaught Error: Call to undefined function ARTEMIS_SWP_get_wishlist_url() in C:\wamp64\www\wordpress\wp-content\themes\montheme\templates\menu\creative_menu.php:84
Stack trace:
#0 C:\wamp64\www\wordpress\wp-includes\template.php(732): require()
#1 C:\wamp64\www\wordpress\wp-includes\template.php(676): load_template('C:\\wamp64\\www\\w...', false, Array)
#2 C:\wamp64\www\wordpress\wp-includes\general-template.php(204): locate_template(Array, true, false, Array)
#3 C:\wamp64\www\wordpress\wp-content\themes\montheme\header.php(18): get_template_part('templates/menu/...')
#4 C:\wamp64\www\wordpress\wp-includes\template.php(730): require_once('C:\\wamp64\\www\\w...')
#5 C:\wamp64\www\wordpress\wp-includes\template.php(676): load_template('C:\\wamp64\\www\\w...', true, Array)
#6 C:\wamp64\www\wordpress\wp-includes\general-template.php(48): locate_template(Array, true, true, Array)
#7 C:\wamp64\www\wordpress\wp-content\themes\montheme\front-page.php(1): get_header()
#8 C:\wamp64\www\wordpress\wp-includes\template-lo dans C:\wamp64\www\wordpress\wp-content\themes\montheme\templates\menu\creative_menu.php à la ligne 84

2021-04-10T21:24:17+00:00 CRITICAL Uncaught Error: Call to undefined function ARTEMIS_SWP_get_wishlist_url() in C:\wamp64\www\wordpress\wp-content\themes\montheme\templates\menu\creative_menu.php:84
Stack trace:
#0 C:\wamp64\www\wordpress\wp-includes\template.php(732): require()
#1 C:\wamp64\www\wordpress\wp-includes\template.php(676): load_template('C:\\wamp64\\www\\w...', false, Array)
#2 C:\wamp64\www\wordpress\wp-includes\general-template.php(204): locate_template(Array, true, false, Array)
#3 C:\wamp64\www\wordpress\wp-content\themes\montheme\header.php(18): get_template_part('templates/menu/...')
#4 C:\wamp64\www\wordpress\wp-includes\template.php(730): require_once('C:\\wamp64\\www\\w...')
#5 C:\wamp64\www\wordpress\wp-includes\template.php(676): load_template('C:\\wamp64\\www\\w...', true, Array)
#6 C:\wamp64\www\wordpress\wp-includes\general-template.php(48): locate_template(Array, true, true, Array)
#7 C:\wamp64\www\wordpress\wp-content\themes\montheme\404.php(1): get_header()
#8 C:\wamp64\www\wordpress\wp-includes\template-loader.ph dans C:\wamp64\www\wordpress\wp-content\themes\montheme\templates\menu\creative_menu.php à la ligne 84

2021-04-10T21:24:17+00:00 CRITICAL Uncaught Error: Call to undefined function ARTEMIS_SWP_get_wishlist_url() in C:\wamp64\www\wordpress\wp-content\themes\montheme\templates\menu\creative_menu.php:84
Stack trace:
#0 C:\wamp64\www\wordpress\wp-includes\template.php(732): require()
#1 C:\wamp64\www\wordpress\wp-includes\template.php(676): load_template('C:\\wamp64\\www\\w...', false, Array)
#2 C:\wamp64\www\wordpress\wp-includes\general-template.php(204): locate_template(Array, true, false, Array)
#3 C:\wamp64\www\wordpress\wp-content\themes\montheme\header.php(18): get_template_part('templates/menu/...')
#4 C:\wamp64\www\wordpress\wp-includes\template.php(730): require_once('C:\\wamp64\\www\\w...')
#5 C:\wamp64\www\wordpress\wp-includes\template.php(676): load_template('C:\\wamp64\\www\\w...', true, Array)
#6 C:\wamp64\www\wordpress\wp-includes\general-template.php(48): locate_template(Array, true, true, Array)
#7 C:\wamp64\www\wordpress\wp-content\themes\montheme\404.php(1): get_header()
#8 C:\wamp64\www\wordpress\wp-includes\template-loader.ph dans C:\wamp64\www\wordpress\wp-content\themes\montheme\templates\menu\creative_menu.php à la ligne 84

2021-04-10T21:24:17+00:00 CRITICAL Uncaught Error: Call to undefined function ARTEMIS_SWP_get_wishlist_url() in C:\wamp64\www\wordpress\wp-content\themes\montheme\templates\menu\creative_menu.php:84
Stack trace:
#0 C:\wamp64\www\wordpress\wp-includes\template.php(732): require()
#1 C:\wamp64\www\wordpress\wp-includes\template.php(676): load_template('C:\\wamp64\\www\\w...', false, Array)
#2 C:\wamp64\www\wordpress\wp-includes\general-template.php(204): locate_template(Array, true, false, Array)
#3 C:\wamp64\www\wordpress\wp-content\themes\montheme\header.php(18): get_template_part('templates/menu/...')
#4 C:\wamp64\www\wordpress\wp-includes\template.php(730): require_once('C:\\wamp64\\www\\w...')
#5 C:\wamp64\www\wordpress\wp-includes\template.php(676): load_template('C:\\wamp64\\www\\w...', true, Array)
#6 C:\wamp64\www\wordpress\wp-includes\general-template.php(48): locate_template(Array, true, true, Array)
#7 C:\wamp64\www\wordpress\wp-content\themes\montheme\404.php(1): get_header()
#8 C:\wamp64\www\wordpress\wp-includes\template-loader.ph dans C:\wamp64\www\wordpress\wp-content\themes\montheme\templates\menu\creative_menu.php à la ligne 84

2021-04-10T21:24:17+00:00 CRITICAL Uncaught Error: Call to undefined function ARTEMIS_SWP_get_wishlist_url() in C:\wamp64\www\wordpress\wp-content\themes\montheme\templates\menu\creative_menu.php:84
Stack trace:
#0 C:\wamp64\www\wordpress\wp-includes\template.php(732): require()
#1 C:\wamp64\www\wordpress\wp-includes\template.php(676): load_template('C:\\wamp64\\www\\w...', false, Array)
#2 C:\wamp64\www\wordpress\wp-includes\general-template.php(204): locate_template(Array, true, false, Array)
#3 C:\wamp64\www\wordpress\wp-content\themes\montheme\header.php(18): get_template_part('templates/menu/...')
#4 C:\wamp64\www\wordpress\wp-includes\template.php(730): require_once('C:\\wamp64\\www\\w...')
#5 C:\wamp64\www\wordpress\wp-includes\template.php(676): load_template('C:\\wamp64\\www\\w...', true, Array)
#6 C:\wamp64\www\wordpress\wp-includes\general-template.php(48): locate_template(Array, true, true, Array)
#7 C:\wamp64\www\wordpress\wp-content\themes\montheme\404.php(1): get_header()
#8 C:\wamp64\www\wordpress\wp-includes\template-loader.ph dans C:\wamp64\www\wordpress\wp-content\themes\montheme\templates\menu\creative_menu.php à la ligne 84

2021-04-10T21:24:17+00:00 CRITICAL Uncaught Error: Call to undefined function ARTEMIS_SWP_get_wishlist_url() in C:\wamp64\www\wordpress\wp-content\themes\montheme\templates\menu\creative_menu.php:84
Stack trace:
#0 C:\wamp64\www\wordpress\wp-includes\template.php(732): require()
#1 C:\wamp64\www\wordpress\wp-includes\template.php(676): load_template('C:\\wamp64\\www\\w...', false, Array)
#2 C:\wamp64\www\wordpress\wp-includes\general-template.php(204): locate_template(Array, true, false, Array)
#3 C:\wamp64\www\wordpress\wp-content\themes\montheme\header.php(18): get_template_part('templates/menu/...')
#4 C:\wamp64\www\wordpress\wp-includes\template.php(730): require_once('C:\\wamp64\\www\\w...')
#5 C:\wamp64\www\wordpress\wp-includes\template.php(676): load_template('C:\\wamp64\\www\\w...', true, Array)
#6 C:\wamp64\www\wordpress\wp-includes\general-template.php(48): locate_template(Array, true, true, Array)
#7 C:\wamp64\www\wordpress\wp-content\themes\montheme\404.php(1): get_header()
#8 C:\wamp64\www\wordpress\wp-includes\template-loader.ph dans C:\wamp64\www\wordpress\wp-content\themes\montheme\templates\menu\creative_menu.php à la ligne 84

2021-04-10T21:24:17+00:00 CRITICAL Uncaught Error: Call to undefined function ARTEMIS_SWP_get_wishlist_url() in C:\wamp64\www\wordpress\wp-content\themes\montheme\templates\menu\creative_menu.php:84
Stack trace:
#0 C:\wamp64\www\wordpress\wp-includes\template.php(732): require()
#1 C:\wamp64\www\wordpress\wp-includes\template.php(676): load_template('C:\\wamp64\\www\\w...', false, Array)
#2 C:\wamp64\www\wordpress\wp-includes\general-template.php(204): locate_template(Array, true, false, Array)
#3 C:\wamp64\www\wordpress\wp-content\themes\montheme\header.php(18): get_template_part('templates/menu/...')
#4 C:\wamp64\www\wordpress\wp-includes\template.php(730): require_once('C:\\wamp64\\www\\w...')
#5 C:\wamp64\www\wordpress\wp-includes\template.php(676): load_template('C:\\wamp64\\www\\w...', true, Array)
#6 C:\wamp64\www\wordpress\wp-includes\general-template.php(48): locate_template(Array, true, true, Array)
#7 C:\wamp64\www\wordpress\wp-content\themes\montheme\404.php(1): get_header()
#8 C:\wamp64\www\wordpress\wp-includes\template-loader.ph dans C:\wamp64\www\wordpress\wp-content\themes\montheme\templates\menu\creative_menu.php à la ligne 84

2021-04-10T21:24:18+00:00 CRITICAL Uncaught Error: Call to undefined function ARTEMIS_SWP_get_wishlist_url() in C:\wamp64\www\wordpress\wp-content\themes\montheme\templates\menu\creative_menu.php:84
Stack trace:
#0 C:\wamp64\www\wordpress\wp-includes\template.php(732): require()
#1 C:\wamp64\www\wordpress\wp-includes\template.php(676): load_template('C:\\wamp64\\www\\w...', false, Array)
#2 C:\wamp64\www\wordpress\wp-includes\general-template.php(204): locate_template(Array, true, false, Array)
#3 C:\wamp64\www\wordpress\wp-content\themes\montheme\header.php(18): get_template_part('templates/menu/...')
#4 C:\wamp64\www\wordpress\wp-includes\template.php(730): require_once('C:\\wamp64\\www\\w...')
#5 C:\wamp64\www\wordpress\wp-includes\template.php(676): load_template('C:\\wamp64\\www\\w...', true, Array)
#6 C:\wamp64\www\wordpress\wp-includes\general-template.php(48): locate_template(Array, true, true, Array)
#7 C:\wamp64\www\wordpress\wp-content\themes\montheme\404.php(1): get_header()
#8 C:\wamp64\www\wordpress\wp-includes\template-loader.ph dans C:\wamp64\www\wordpress\wp-content\themes\montheme\templates\menu\creative_menu.php à la ligne 84

2021-04-10T21:24:18+00:00 CRITICAL Uncaught Error: Call to undefined function ARTEMIS_SWP_get_wishlist_url() in C:\wamp64\www\wordpress\wp-content\themes\montheme\templates\menu\creative_menu.php:84
Stack trace:
#0 C:\wamp64\www\wordpress\wp-includes\template.php(732): require()
#1 C:\wamp64\www\wordpress\wp-includes\template.php(676): load_template('C:\\wamp64\\www\\w...', false, Array)
#2 C:\wamp64\www\wordpress\wp-includes\general-template.php(204): locate_template(Array, true, false, Array)
#3 C:\wamp64\www\wordpress\wp-content\themes\montheme\header.php(18): get_template_part('templates/menu/...')
#4 C:\wamp64\www\wordpress\wp-includes\template.php(730): require_once('C:\\wamp64\\www\\w...')
#5 C:\wamp64\www\wordpress\wp-includes\template.php(676): load_template('C:\\wamp64\\www\\w...', true, Array)
#6 C:\wamp64\www\wordpress\wp-includes\general-template.php(48): locate_template(Array, true, true, Array)
#7 C:\wamp64\www\wordpress\wp-content\themes\montheme\404.php(1): get_header()
#8 C:\wamp64\www\wordpress\wp-includes\template-loader.ph dans C:\wamp64\www\wordpress\wp-content\themes\montheme\templates\menu\creative_menu.php à la ligne 84

